
────────────────────────────────────────────────────────────
  SEATTLE  target_date=2026-03-08  tz=America/Los_Angeles
────────────────────────────────────────────────────────────
  Best edge: '50-51°F'  model=64.5%  market=17.0%  edge=+47.5%
  TRADE OPENED  buy '50-51°F'  $100 @ 0.170  (588.2 shares)

────────────────────────────────────────────────────────────
  CHICAGO  target_date=2026-03-08  tz=America/Chicago
────────────────────────────────────────────────────────────
  Best edge: '55°F or below'  model=54.8%  market=3.2%  edge=+51.6%
  TRADE OPENED  buy '55°F or below'  $100 @ 0.032  (3125.0 shares)

────────────────────────────────────────────────────────────
  LONDON  target_date=2026-03-09  tz=Europe/London
────────────────────────────────────────────────────────────
  Best edge: '16°C'  model=54.8%  market=16.0%  edge=+38.8%
  TRADE OPENED  buy '16°C'  $100 @ 0.160  (625.0 shares)

────────────────────────────────────────────────────────────
  ATLANTA  target_date=2026-03-08  tz=America/New_York
────────────────────────────────────────────────────────────
  Best edge: '66-67°F'  model=51.6%  market=5.5%  edge=+46.1%
  TRADE OPENED  buy '66-67°F'  $100 @ 0.055  (1818.2 shares)

Done — 4 trade(s) opened.


────────────────────────────────────────────────────────────
  SEATTLE  target_date=2026-03-09  tz=America/Los_Angeles
────────────────────────────────────────────────────────────
  Best edge: '44-45°F'  model=51.6%  market=29.0%  edge=+22.6%
  TRADE OPENED  buy '44-45°F'  $100 @ 0.290  (344.8 shares)

────────────────────────────────────────────────────────────
  CHICAGO  target_date=2026-03-09  tz=America/Chicago
────────────────────────────────────────────────────────────
  Best edge: '63°F or below'  model=48.4%  market=1.8%  edge=+46.6%
  NO TRADE — market price 0.018 < floor 0.02

────────────────────────────────────────────────────────────
  LONDON  target_date=2026-03-10  tz=Europe/London
────────────────────────────────────────────────────────────
  SKIP — no market found

────────────────────────────────────────────────────────────
  ATLANTA  target_date=2026-03-09  tz=America/New_York
────────────────────────────────────────────────────────────
  Best edge: '78-79°F'  model=58.1%  market=32.5%  edge=+25.6%
  TRADE OPENED  buy '78-79°F'  $100 @ 0.325  (307.7 shares)

Done — 2 trade(s) opened.


────────────────────────────────────────────────────────────
  SEATTLE  target_date=2026-03-10  tz=America/Los_Angeles
────────────────────────────────────────────────────────────
  SKIP — volume $17,177 < $20,000

────────────────────────────────────────────────────────────
  CHICAGO  target_date=2026-03-10  tz=America/Chicago
────────────────────────────────────────────────────────────
  SKIP — volume $15,021 < $20,000

────────────────────────────────────────────────────────────
  LONDON  target_date=2026-03-11  tz=Europe/London
────────────────────────────────────────────────────────────
  Best edge: '11°C'  model=25.8%  market=13.5%  edge=+12.3%
  TRADE OPENED  buy '11°C'  $100 @ 0.135  (740.7 shares)

────────────────────────────────────────────────────────────
  ATLANTA  target_date=2026-03-10  tz=America/New_York
────────────────────────────────────────────────────────────
  Best edge: '74-75°F'  model=41.9%  market=2.4%  edge=+39.6%
  TRADE OPENED  buy '74-75°F'  $100 @ 0.024  (4255.3 shares)

Done — 2 trade(s) opened.

